1 0.757999320768898 2021-06-24 07:48:50.907141 200
2 0.9799999994161286 2021-06-24 07:48:52.457158 200
3 0.9428571428571428 2021-06-24 07:48:53.360440 105
4 0.8673852011810187 2021-06-24 07:48:54.695839 163
5 0.8712121212121212 2021-06-24 07:48:56.283761 132
6 0.9166666666666663 2021-06-24 07:48:57.455900 84
7 0.9228701394312849 2021-06-24 07:48:58.727891 87
8 0.8460005261646905 2021-06-24 07:49:00.798012 200
9 0.6429303700280548 2021-06-24 07:49:04.287818 200
10 0.9541187365645762 2021-06-24 07:49:06.101836 200
11 0.9641617879526636 2021-06-24 07:49:07.832914 200
12 0.9480104899600428 2021-06-24 07:49:09.231766 200
13 0.7612417520723467 2021-06-24 07:49:10.763963 200
14 0.995 2021-06-24 07:49:12.759333 200
15 0.9699999909189099 2021-06-24 07:49:15.121264 200
16 0.8186809792383505 2021-06-24 07:49:16.507434 200
17 0.9892994817686457 2021-06-24 07:49:18.638191 200
18 0.9911156309427749 2021-06-24 07:49:20.563999 200
19 0.9961156309427749 2021-06-24 07:49:22.631835 200
20 0.99 2021-06-24 07:49:24.648045 200
21 0.9802791296749476 2021-06-24 07:49:26.698320 200
22 0.98666666607191 2021-06-24 07:49:27.246543 75
23 0.9973435498974135 2021-06-24 07:49:29.373983 200
24 0.9869984530134961 2021-06-24 07:49:30.859890 114
25 0.7664321671673813 2021-06-24 07:49:32.297892 200
26 0.553655657700745 2021-06-24 07:49:33.213601 200
27 0.656694496602575 2021-06-24 07:49:34.126731 200
28 0.968472902547422 2021-06-24 07:49:35.626229 200
29 0.8197190632321038 2021-06-24 07:49:36.772152 200
30 0.9349999988823002 2021-06-24 07:49:38.878580 200
31 0.965 2021-06-24 07:49:41.689011 200
32 0.95 2021-06-24 07:49:44.196057 200
33 0.8303511801253607 2021-06-24 07:49:46.378568 200
34 0.8444533024387408 2021-06-24 07:49:48.451815 200
35 0.7861612705649204 2021-06-24 07:49:50.403849 200
36 0.9598501981688389 2021-06-24 07:49:53.054344 200
37 0.7179975328568436 2021-06-24 07:49:54.913709 200
38 0.9772937085368417 2021-06-24 07:49:57.065589 200
39 0.9729898166896517 2021-06-24 07:49:59.431899 200
40 0.6828614201455789 2021-06-24 07:50:00.335239 200
41 0.9551210657445292 2021-06-24 07:50:01.913956 200
42 0.9844997991055578 2021-06-24 07:50:03.867473 200
43 0.7402308011923906 2021-06-24 07:50:04.715267 200
44 0.8407817656185307 2021-06-24 07:50:05.544297 200
45 0.9745298056603307 2021-06-24 07:50:06.795228 200
46 0.9899999682685591 2021-06-24 07:50:09.368120 200
47 0.7111377414574075 2021-06-24 07:50:10.758915 200
48 0.9455607199373145 2021-06-24 07:50:12.452109 200
49 0.995 2021-06-24 07:50:13.899879 200
50 0.458385697337326 2021-06-24 07:50:15.339877 200
51 0.9530201342281756 2021-06-24 07:50:16.932444 149
52 0.9749999999999994 2021-06-24 07:50:19.015859 200
53 1.0 2021-06-24 07:50:20.831967 200
54 1.0 2021-06-24 07:50:22.859864 200
55 0.9932299701029177 2021-06-24 07:50:25.571991 200
56 0.9749932194494361 2021-06-24 07:50:28.287744 200
57 0.995 2021-06-24 07:50:30.492385 200
58 1.0 2021-06-24 07:50:32.299901 200
59 0.5664811358779296 2021-06-24 07:50:33.253999 200
60 0.9499999999999765 2021-06-24 07:50:35.241546 200
61 0.94 2021-06-24 07:50:36.877416 200
62 0.96 2021-06-24 07:50:38.346125 200
63 0.7696165391535784 2021-06-24 07:50:39.719627 200
64 0.995 2021-06-24 07:50:41.935887 200
65 1.0 2021-06-24 07:50:44.807869 200
66 0.539602067329672 2021-06-24 07:50:46.520929 200
67 0.5224618937338943 2021-06-24 07:50:48.634020 200
68 0.8970244757294195 2021-06-24 07:50:51.178995 200
69 0.9599999670173743 2021-06-24 07:50:53.367495 200
70 0.9973498660018236 2021-06-24 07:50:55.744016 200
71 0.7637341620851161 2021-06-24 07:50:57.835974 200
72 0.9799999903161268 2021-06-24 07:50:59.787894 200
73 0.3244488558652877 2021-06-24 07:51:01.479850 200
74 0.7601022924015213 2021-06-24 07:51:02.463855 200
75 0.48719630537707176 2021-06-24 07:51:05.317262 200
76 0.6440873070883549 2021-06-24 07:51:07.195200 200
77 1.0 2021-06-24 07:51:09.112201 200
78 0.99 2021-06-24 07:51:11.203915 200
79 0.5555739806825954 2021-06-24 07:51:12.367768 200
80 0.7357676507131472 2021-06-24 07:51:13.885978 200
81 0.9849999867074204 2021-06-24 07:51:15.934823 200
82 0.9354838709677419 2021-06-24 07:51:16.239826 31
83 0.9879877906063125 2021-06-24 07:51:18.753737 200
84 0.6438600545843096 2021-06-24 07:51:20.402214 200
85 0.98 2021-06-24 07:51:23.125843 200
86 0.8100273119979658 2021-06-24 07:51:24.989481 200
87 0.995 2021-06-24 07:51:27.279023 200
88 0.758620689655171 2021-06-24 07:51:27.743928 58
89 1.0 2021-06-24 07:51:30.161352 200
90 0.9149999999986668 2021-06-24 07:51:32.416118 200
91 0.7429711608516689 2021-06-24 07:51:34.155868 200
92 0.8066905804348982 2021-06-24 07:51:36.122411 200
93 0.9962018436613057 2021-06-24 07:51:38.093366 200
94 0.6479307249151495 2021-06-24 07:51:39.096926 200
95 0.6262825139371118 2021-06-24 07:51:40.509310 200
96 0.6979758893980988 2021-06-24 07:51:41.563808 200
97 0.7032290760322388 2021-06-24 07:51:42.504586 200
98 0.995 2021-06-24 07:51:43.927404 200
99 0.6218042758163862 2021-06-24 07:51:45.041850 200
100 0.99 2021-06-24 07:51:46.890091 200
101 0.7310141633952152 2021-06-24 07:51:48.386058 200
102 0.9013157326396378 2021-06-24 07:51:49.567859 122
103 0.662188828752901 2021-06-24 07:51:50.924737 200
104 0.6788391999758376 2021-06-24 07:51:52.567703 200
105 0.995 2021-06-24 07:51:54.931660 200
106 0.995 2021-06-24 07:51:56.783867 200
107 1.0 2021-06-24 07:51:59.255868 200
108 1.0 2021-06-24 07:52:01.523828 200
109 0.8195438823838752 2021-06-24 07:52:02.369717 200
110 0.9841187632389368 2021-06-24 07:52:04.270625 200
111 0.9910625431414368 2021-06-24 07:52:06.469056 181
112 0.9767441860462758 2021-06-24 07:52:07.328038 86
113 0.995 2021-06-24 07:52:09.786628 200
114 0.8376694444081292 2021-06-24 07:52:11.041987 200
115 0.7863815197681753 2021-06-24 07:52:12.314951 200
116 0.8191612488681923 2021-06-24 07:52:13.753479 200
117 0.8712369295944731 2021-06-24 07:52:15.267013 200
118 0.7908592306452065 2021-06-24 07:52:16.305793 200
119 0.8756919755632585 2021-06-24 07:52:17.331667 200
120 0.926498935226995 2021-06-24 07:52:18.654049 200
121 0.8920033337044534 2021-06-24 07:52:19.863844 200
122 0.8419462522821898 2021-06-24 07:52:20.994911 200
123 0.7870193364733354 2021-06-24 07:52:22.211844 200
124 0.80101095559353 2021-06-24 07:52:23.415684 200
125 0.8265162283318181 2021-06-24 07:52:24.648698 200
126 0.7260367114233784 2021-06-24 07:52:25.268072 200
127 0.8356634800463929 2021-06-24 07:52:26.094741 200
128 0.9455551259479542 2021-06-24 07:52:26.992389 200
129 0.8030315613957173 2021-06-24 07:52:27.589898 200
130 0.9049179452501369 2021-06-24 07:52:28.367380 200
131 0.8851444796932032 2021-06-24 07:52:28.928203 200
132 0.7625932393172812 2021-06-24 07:52:29.475417 200
133 0.8970051836577169 2021-06-24 07:52:30.067401 200
134 0.896767591211789 2021-06-24 07:52:30.742720 200
135 0.9332166993453026 2021-06-24 07:52:31.249897 200
136 0.8955511670134326 2021-06-24 07:52:32.007761 200
137 0.886748560729056 2021-06-24 07:52:32.676053 200
138 0.8943095925403797 2021-06-24 07:52:33.973845 200
139 0.890447819405077 2021-06-24 07:52:35.064500 200
140 0.9250405032105696 2021-06-24 07:52:36.197899 200
141 0.9508817425707013 2021-06-24 07:52:37.439713 200
142 0.9302722614640703 2021-06-24 07:52:38.535031 200
143 0.9584002713733273 2021-06-24 07:52:39.891056 200
144 0.9217842804635035 2021-06-24 07:52:41.010351 200
145 0.8977751950043684 2021-06-24 07:52:42.063338 200
146 0.8929289126707883 2021-06-24 07:52:43.129201 200
147 0.9110585559265543 2021-06-24 07:52:44.179189 200
148 0.9536596632755004 2021-06-24 07:52:45.478734 200
149 0.9021992647317627 2021-06-24 07:52:46.383511 200
150 0.9319822418679291 2021-06-24 07:52:47.584144 200
151 0.8354318911960011 2021-06-24 07:52:48.925435 200
152 0.896864845779039 2021-06-24 07:52:49.911872 200
153 0.93831146822559 2021-06-24 07:52:51.161502 200
154 0.7936587800047995 2021-06-24 07:52:51.698127 200
155 0.8656437809893202 2021-06-24 07:52:52.830464 200
156 0.9272893237466963 2021-06-24 07:52:54.107891 200
157 0.9183247253527594 2021-06-24 07:52:55.226261 200
158 0.8952010663581343 2021-06-24 07:52:56.319669 200
159 0.8937049338678168 2021-06-24 07:52:57.392635 200
160 0.9290281921923672 2021-06-24 07:52:58.261037 200
161 0.9514440705177765 2021-06-24 07:52:59.645234 200
1 0.7574175629794196 2021-06-27 09:29:37.869411 200
2 0.9799999994773604 2021-06-27 09:29:38.797852 200
3 0.9428571428571428 2021-06-27 09:29:39.253875 105
4 0.8673852011810185 2021-06-27 09:29:39.949141 163
5 0.8712121212121211 2021-06-27 09:29:40.517914 132
6 0.9166666666666665 2021-06-27 09:29:40.956937 84
7 0.9228701394312849 2021-06-27 09:29:41.431160 87
8 0.8634375839631293 2021-06-27 09:29:42.173303 200
9 0.6591416466510697 2021-06-27 09:29:43.728330 200
10 0.9618377458189944 2021-06-27 09:29:44.556138 200
11 0.9799800625421932 2021-06-27 09:29:45.390482 200
12 0.9480076490418292 2021-06-27 09:29:46.233123 200
13 0.75 2021-06-27 09:29:47.066215 200
14 0.99 2021-06-27 09:29:48.369508 200
15 0.9799999880592404 2021-06-27 09:29:49.787000 200
16 0.7885402315404348 2021-06-27 09:29:50.454954 200
17 0.9907783068258793 2021-06-27 09:29:51.832395 200
18 0.9911156309427749 2021-06-27 09:29:53.255229 200
19 0.989999999999994 2021-06-27 09:29:54.481845 200
20 0.995 2021-06-27 09:29:55.781545 200
21 0.9727309737329749 2021-06-27 09:29:57.116968 200
22 0.98666666607191 2021-06-27 09:29:57.438113 75
23 1.0 2021-06-27 09:29:58.732251 200
24 0.9869984530134961 2021-06-27 09:29:59.681632 114
25 0.7458592552852086 2021-06-27 09:30:00.675313 200
26 0.6324248900942804 2021-06-27 09:30:01.306297 200
27 0.588843028205117 2021-06-27 09:30:01.901546 200
28 0.97 2021-06-27 09:30:03.125002 200
29 0.768119241743539 2021-06-27 09:30:04.053183 200
30 0.925 2021-06-27 09:30:05.484642 200
31 0.9561156309427737 2021-06-27 09:30:06.944622 200
32 0.96 2021-06-27 09:30:08.526132 200
33 0.7928467379104808 2021-06-27 09:30:09.518755 200
34 0.8512627425238659 2021-06-27 09:30:10.392288 200
35 0.782866986858495 2021-06-27 09:30:11.308648 200
36 0.9611155120853025 2021-06-27 09:30:12.785545 200
37 0.6940212730465903 2021-06-27 09:30:13.571855 200
38 0.98 2021-06-27 09:30:14.811601 200
39 0.975 2021-06-27 09:30:16.072840 200
40 0.7121039956243541 2021-06-27 09:30:16.883499 200
41 0.9681699033192794 2021-06-27 09:30:18.450155 200
42 0.9849999137425048 2021-06-27 09:30:20.325554 200
43 0.7841853110808327 2021-06-27 09:30:20.975485 200
44 0.8428332284860192 2021-06-27 09:30:21.679334 200
45 0.9443576257754043 2021-06-27 09:30:22.872945 200
46 0.9799999682685591 2021-06-27 09:30:24.204898 200
47 0.7365217644372157 2021-06-27 09:30:25.522549 200
48 0.9538952751606077 2021-06-27 09:30:26.763234 200
49 0.9949999999999478 2021-06-27 09:30:27.687558 200
50 0.527496986086209 2021-06-27 09:30:28.403994 200
51 0.9530201342281757 2021-06-27 09:30:29.299311 149
52 0.9749999999999998 2021-06-27 09:30:30.684957 200
53 1.0 2021-06-27 09:30:31.955682 200
54 0.995 2021-06-27 09:30:33.090503 200
55 0.9664650046276229 2021-06-27 09:30:34.595520 200
56 0.989993221774867 2021-06-27 09:30:36.117874 200
57 1.0 2021-06-27 09:30:37.487562 200
58 0.9874778809757119 2021-06-27 09:30:38.617803 200
59 0.6132730621703065 2021-06-27 09:30:39.385867 200
60 0.945 2021-06-27 09:30:41.185853 200
61 0.95 2021-06-27 09:30:42.733863 200
62 0.9423798297535687 2021-06-27 09:30:44.119266 200
63 0.760109842860198 2021-06-27 09:30:45.244352 200
64 0.9974460647952665 2021-06-27 09:30:46.609816 200
65 1.0 2021-06-27 09:30:48.256317 200
66 0.5224149440312726 2021-06-27 09:30:49.199549 200
67 0.5910207159377613 2021-06-27 09:30:50.162346 200
68 0.9284785747065561 2021-06-27 09:30:51.866737 200
69 0.9349999670173742 2021-06-27 09:30:53.040946 200
70 0.9973498660018236 2021-06-27 09:30:54.594826 200
71 0.7140607399962442 2021-06-27 09:30:55.807871 200
72 0.9895530813550983 2021-06-27 09:30:56.888071 200
73 0.31118566368731954 2021-06-27 09:30:57.665991 200
74 0.7318023682626257 2021-06-27 09:30:58.465866 200
75 0.45070665328427123 2021-06-27 09:31:01.127721 200
76 0.6789050559254108 2021-06-27 09:31:02.302823 200
77 0.9968378186039908 2021-06-27 09:31:03.468600 200
78 0.965 2021-06-27 09:31:04.657607 200
79 0.6303602809839152 2021-06-27 09:31:05.299472 200
80 0.7992169954094588 2021-06-27 09:31:06.018541 200
81 0.9638497227670144 2021-06-27 09:31:07.473018 200
82 0.9354838709677419 2021-06-27 09:31:07.691360 31
83 0.9929877906063125 2021-06-27 09:31:09.267858 200
84 0.6660713789953416 2021-06-27 09:31:10.047665 200
85 0.975 2021-06-27 09:31:11.940050 200
86 0.746139071573493 2021-06-27 09:31:12.928743 200
87 1.0 2021-06-27 09:31:14.117180 200
88 0.758620689655171 2021-06-27 09:31:14.351774 58
89 0.985 2021-06-27 09:31:15.805568 200
90 0.8949999831878384 2021-06-27 09:31:16.982283 200
91 0.7116985700546802 2021-06-27 09:31:17.784561 200
92 0.8372229510540992 2021-06-27 09:31:18.813457 200
93 0.9968289152874255 2021-06-27 09:31:20.162069 200
94 0.7395912857870292 2021-06-27 09:31:20.869537 200
95 0.6110929787383392 2021-06-27 09:31:22.051370 200
96 0.6788256200998868 2021-06-27 09:31:22.813137 200
97 0.7074477457437643 2021-06-27 09:31:23.678396 200
98 0.995 2021-06-27 09:31:24.782122 200
99 0.606797005367627 2021-06-27 09:31:25.935097 200
100 0.99 2021-06-27 09:31:27.400930 200
101 0.7093137527399938 2021-06-27 09:31:28.133623 200
102 0.9013157326396378 2021-06-27 09:31:28.845809 122
103 0.7177431251436652 2021-06-27 09:31:29.373257 200
104 0.6271190094897787 2021-06-27 09:31:30.102753 200
105 0.995 2021-06-27 09:31:31.221449 200
106 0.9916098379327327 2021-06-27 09:31:32.231186 200
107 0.995 2021-06-27 09:31:33.541111 200
108 0.99 2021-06-27 09:31:34.889806 200
109 0.8136257958329014 2021-06-27 09:31:35.352223 200
110 0.9841187632389367 2021-06-27 09:31:36.372431 200
111 0.9910625431414368 2021-06-27 09:31:37.576417 181
112 0.9767441860462758 2021-06-27 09:31:38.016045 86
113 1.0 2021-06-27 09:31:39.349133 200
114 0.7849312898718972 2021-06-27 09:31:39.906204 200
115 0.755124750531227 2021-06-27 09:31:40.472529 200
116 0.8047905012559675 2021-06-27 09:31:41.061532 200
117 0.8121235381845656 2021-06-27 09:31:41.623976 200
118 0.7979668264696569 2021-06-27 09:31:42.200192 200
119 0.8440693923073566 2021-06-27 09:31:42.770099 200
120 0.9244674206919021 2021-06-27 09:31:43.365578 200
121 0.8638873036168075 2021-06-27 09:31:43.906351 200
122 0.8599304913907657 2021-06-27 09:31:44.426590 200
123 0.8406573997447429 2021-06-27 09:31:44.938432 200
124 0.7734333062917661 2021-06-27 09:31:45.554924 200
125 0.7677855645282204 2021-06-27 09:31:46.188112 200
126 0.7014267219962633 2021-06-27 09:31:46.616191 200
127 0.8500727031364387 2021-06-27 09:31:47.175570 200
128 0.9261922221079173 2021-06-27 09:31:47.681166 200
129 0.7921690037374448 2021-06-27 09:31:48.171081 200
130 0.9148244118153761 2021-06-27 09:31:48.728708 200
131 0.8977696142327656 2021-06-27 09:31:49.233301 200
132 0.7894849634180133 2021-06-27 09:31:49.741079 200
133 0.9146585468615015 2021-06-27 09:31:50.276570 200
134 0.914943513752591 2021-06-27 09:31:50.790225 200
135 0.9193289752701623 2021-06-27 09:31:51.393845 200
136 0.9269756304870879 2021-06-27 09:31:51.901918 200
137 0.9147827779799177 2021-06-27 09:31:52.403437 200
138 0.9128152551793438 2021-06-27 09:31:52.896707 200
139 0.8920121274324478 2021-06-27 09:31:53.413833 200
140 0.8944903249570268 2021-06-27 09:31:53.897596 200
141 0.9182843109436881 2021-06-27 09:31:54.458586 200
142 0.9386864650703223 2021-06-27 09:31:54.932605 200
143 0.9307870063855944 2021-06-27 09:31:55.476954 200
144 0.9624249212165136 2021-06-27 09:31:55.965411 200
145 0.9338269065552509 2021-06-27 09:31:56.511400 200
146 0.9260386649791519 2021-06-27 09:31:57.150364 200
147 0.9090678987055593 2021-06-27 09:31:57.744817 200
148 0.951970913977293 2021-06-27 09:31:58.433465 200
149 0.8818490159034477 2021-06-27 09:31:58.891031 200
150 0.9414850615294168 2021-06-27 09:31:59.697861 200
151 0.8827992941767208 2021-06-27 09:32:00.491496 200
152 0.8695309021116263 2021-06-27 09:32:01.128439 200
153 0.9545187822511291 2021-06-27 09:32:01.727991 200
154 0.7614238704558707 2021-06-27 09:32:02.234929 200
155 0.8474175739458732 2021-06-27 09:32:02.816409 200
156 0.9267987979811585 2021-06-27 09:32:03.498538 200
157 0.9099419011772977 2021-06-27 09:32:03.941318 200
158 0.9044868931468389 2021-06-27 09:32:04.504866 200
159 0.9101380537317497 2021-06-27 09:32:04.999350 200
160 0.9278734587706987 2021-06-27 09:32:05.549718 200
161 0.9470448994429765 2021-06-27 09:32:06.084262 200
162 0.887283879165706 2021-06-27 09:32:06.652933 200
163 0.8861786081888134 2021-06-27 09:32:07.212294 200
164 0.9107696028102711 2021-06-27 09:32:07.717933 200
165 0.9613073140662681 2021-06-27 09:32:08.253221 200
166 0.9138567000598323 2021-06-27 09:32:08.806667 200
167 0.8967753584197089 2021-06-27 09:32:09.283378 200
168 0.8831743430455282 2021-06-27 09:32:09.989947 200
169 0.8311497281713778 2021-06-27 09:32:10.619574 200
170 0.9198647350096922 2021-06-27 09:32:11.154916 200
171 0.9601384825836125 2021-06-27 09:32:11.699139 200
172 0.9058442408674372 2021-06-27 09:32:12.234073 200
173 0.9277471481241137 2021-06-27 09:32:12.776415 200
174 0.9326993290073452 2021-06-27 09:32:13.346372 200
175 0.6921337563933326 2021-06-27 09:32:13.774156 200
176 0.9220087048509433 2021-06-27 09:32:14.299913 200
177 0.9158977683131988 2021-06-27 09:32:14.833457 200
178 0.6407248488229996 2021-06-27 09:32:15.295574 200
179 0.8175593379639134 2021-06-27 09:32:15.704203 200
180 0.8981465342327145 2021-06-27 09:32:16.253057 200
181 0.8751566567431631 2021-06-27 09:32:16.744285 200
182 0.9095211242056278 2021-06-27 09:32:17.198730 200
183 0.8824150849454065 2021-06-27 09:32:17.675518 200
184 0.907940291985541 2021-06-27 09:32:18.223703 200
185 0.9148475889005698 2021-06-27 09:32:18.684775 200
186 0.8107497806998836 2021-06-27 09:32:19.085310 200
187 0.8125495470000772 2021-06-27 09:32:19.504642 200
188 0.8697655758678968 2021-06-27 09:32:20.062068 200
189 0.9379648117492674 2021-06-27 09:32:20.477987 200
190 0.8411771551098122 2021-06-27 09:32:20.878876 200
191 0.8183284520867662 2021-06-27 09:32:21.322086 200
192 0.818205626599651 2021-06-27 09:32:21.771917 200
193 0.8988824258054435 2021-06-27 09:32:22.344759 200
194 0.716616672189977 2021-06-27 09:32:22.761739 200
195 0.8684462269755328 2021-06-27 09:32:23.218049 200
196 0.9234579791466159 2021-06-27 09:32:23.732744 200
197 0.7574656985514685 2021-06-27 09:32:24.248819 200
198 0.8565892635870194 2021-06-27 09:32:24.861281 200
199 0.5025249660836694 2021-06-27 09:32:25.325773 200
200 0.8764692191641111 2021-06-27 09:32:25.791906 200
201 0.90342868846964 2021-06-27 09:32:26.324991 200
202 0.7317858900188082 2021-06-27 09:32:26.753293 200
203 0.8546391419725206 2021-06-27 09:32:27.238106 200
204 0.5569718946252041 2021-06-27 09:32:27.733723 200
205 0.6496863310932998 2021-06-27 09:32:28.198288 200
206 0.8255983954800444 2021-06-27 09:32:28.789840 200
207 0.8932059320254985 2021-06-27 09:32:29.235950 200
208 0.7834480506849839 2021-06-27 09:32:29.739600 200
209 0.9156531518055938 2021-06-27 09:32:30.408438 200
210 0.8656302632650339 2021-06-27 09:32:30.915139 200
211 0.3326276098149885 2021-06-27 09:32:31.542693 200
212 0.8159761559327896 2021-06-27 09:32:32.015223 200
213 0.8992443274681401 2021-06-27 09:32:32.784729 200
214 0.9421755438426228 2021-06-27 09:32:33.630355 200
215 0.8761996223012426 2021-06-27 09:32:34.327013 200
216 0.8639517013779127 2021-06-27 09:32:34.858644 200
217 0.8125081150686129 2021-06-27 09:32:35.437385 200
218 0.8358417121673444 2021-06-27 09:32:36.133314 200
219 0.3112341933539338 2021-06-27 09:32:38.784847 200
220 0.6877325173181765 2021-06-27 09:32:40.232245 200
221 0.7572965834589741 2021-06-27 09:32:40.879659 200
222 0.9269443595891157 2021-06-27 09:32:41.471197 200
223 0.9023928746011969 2021-06-27 09:32:42.239979 200
224 0.9149451782258606 2021-06-27 09:32:42.798023 200
225 0.9199903115552918 2021-06-27 09:32:43.602035 200
226 0.8948398925974129 2021-06-27 09:32:44.248151 200
227 0.9334233464443116 2021-06-27 09:32:44.757355 200
228 0.9639151707453979 2021-06-27 09:32:45.305493 200
229 0.8962532721572601 2021-06-27 09:32:45.775745 200
230 0.9262988318766014 2021-06-27 09:32:46.383171 200
231 0.9449210530450634 2021-06-27 09:32:46.833163 200
232 0.8738967166833307 2021-06-27 09:32:47.514043 200
233 0.9116452577305486 2021-06-27 09:32:48.233120 200
234 0.9304124249191382 2021-06-27 09:32:48.761505 200
235 0.8163490394306969 2021-06-27 09:32:49.326654 200
236 0.9465500356233535 2021-06-27 09:32:49.892381 200
237 0.7655935618494911 2021-06-27 09:32:50.579431 200
238 0.9165828016529626 2021-06-27 09:32:51.165263 200
239 0.8219764347534607 2021-06-27 09:32:51.705199 200
240 0.9357598610152871 2021-06-27 09:32:52.266368 200
241 0.575386244842522 2021-06-27 09:32:52.688726 200
242 0.6029670083214248 2021-06-27 09:32:53.116849 200
243 0.7448151656077192 2021-06-27 09:32:53.569838 200
244 0.8684252600170257 2021-06-27 09:32:54.080135 200
245 0.7454020931973878 2021-06-27 09:32:54.497812 200
246 0.7324215746488099 2021-06-27 09:32:55.026021 200
247 0.9080054223366051 2021-06-27 09:32:55.447256 200
248 0.748132011390485 2021-06-27 09:32:56.031421 200
249 0.8412341982251619 2021-06-27 09:32:56.626351 200
250 0.7138442120789013 2021-06-27 09:32:57.125890 200
251 0.8610266783257898 2021-06-27 09:32:57.658622 200
252 0.81031756945912 2021-06-27 09:32:58.099799 200
253 0.806348726302551 2021-06-27 09:32:58.682897 200
254 0.6941343558014341 2021-06-27 09:32:59.057802 200
255 0.7941839319850531 2021-06-27 09:32:59.563871 200
256 0.8534141243380751 2021-06-27 09:33:00.047203 200
257 0.7834602381551872 2021-06-27 09:33:00.664987 200
258 0.7580271285906095 2021-06-27 09:33:01.052618 200
259 0.8508084161494293 2021-06-27 09:33:01.650892 200
260 0.6304628560146228 2021-06-27 09:33:02.057685 200
261 0.8667025244134356 2021-06-27 09:33:02.643653 200
262 0.9321473845721374 2021-06-27 09:33:03.487682 200
263 0.850090288620925 2021-06-27 09:33:03.998796 200
264 0.9373277136044537 2021-06-27 09:33:04.514373 200
265 0.9267192975031648 2021-06-27 09:33:05.077251 200
266 0.746455570836118 2021-06-27 09:33:05.724097 200
267 0.8714249950678535 2021-06-27 09:33:06.191791 200
268 0.7942777756708371 2021-06-27 09:33:06.801260 200
269 0.9384886313850822 2021-06-27 09:33:07.418318 200
270 0.8211908118604265 2021-06-27 09:33:07.916053 200
271 0.8620354061116848 2021-06-27 09:33:08.428051 200
272 0.5517342544681922 2021-06-27 09:33:08.972832 200
273 0.9166852048143522 2021-06-27 09:33:09.496752 200
274 0.8997343428485165 2021-06-27 09:33:09.998175 200
275 0.8209601076989205 2021-06-27 09:33:10.641395 200
276 0.8172937948317085 2021-06-27 09:33:11.098843 200
277 0.9469790394347054 2021-06-27 09:33:11.694699 200
278 0.9403466043842308 2021-06-27 09:33:12.142642 200
279 0.8711902566701604 2021-06-27 09:33:12.721779 200
280 0.8825026980690603 2021-06-27 09:33:13.238006 200
281 0.7585191988179122 2021-06-27 09:33:13.801743 200
282 0.921362452386725 2021-06-27 09:33:14.472532 200
283 0.9132822892967432 2021-06-27 09:33:14.954444 200
284 0.8665349177357083 2021-06-27 09:33:15.504032 200
285 0.8665557627760729 2021-06-27 09:33:16.054144 200
286 0.8578239310572556 2021-06-27 09:33:16.528855 200
287 0.8911801012091868 2021-06-27 09:33:17.052614 200
288 0.9507016246571619 2021-06-27 09:33:17.548547 200
289 0.9121152757907754 2021-06-27 09:33:18.174062 200
290 0.9169759872952099 2021-06-27 09:33:18.699703 200
291 0.907985060718957 2021-06-27 09:33:19.201348 200
292 0.906292098161045 2021-06-27 09:33:19.813091 200
293 0.8981829239237342 2021-06-27 09:33:20.274324 200
294 0.9250463086793087 2021-06-27 09:33:20.852437 200
295 0.884082293634188 2021-06-27 09:33:21.656969 200
296 0.9055460167668123 2021-06-27 09:33:22.107762 200
